  Resolucao.c
C:\Users\Pichau\source\repos\TrabSO\TrabSO\Resolucao.c(114,22): warning C4047: 'função': 'pthread_mutex_t *' difere em níveis de indireção de 'pthread_mutex_t **'
C:\Users\Pichau\source\repos\TrabSO\TrabSO\Resolucao.c(114,22): warning C4024: 'pthread_mutex_lock': tipos diferentes para parâmetro formal e real 1
C:\Users\Pichau\source\repos\TrabSO\TrabSO\Resolucao.c(119,24): warning C4047: 'função': 'pthread_mutex_t *' difere em níveis de indireção de 'pthread_mutex_t **'
C:\Users\Pichau\source\repos\TrabSO\TrabSO\Resolucao.c(119,24): warning C4024: 'pthread_mutex_unlock': tipos diferentes para parâmetro formal e real 1
C:\Users\Pichau\source\repos\TrabSO\TrabSO\Resolucao.c(134,25): warning C4047: 'função': 'pthread_mutex_t *' difere em níveis de indireção de 'pthread_mutex_t **'
C:\Users\Pichau\source\repos\TrabSO\TrabSO\Resolucao.c(134,25): warning C4024: 'pthread_mutex_lock': tipos diferentes para parâmetro formal e real 1
C:\Users\Pichau\source\repos\TrabSO\TrabSO\Resolucao.c(136,27): warning C4047: 'função': 'pthread_mutex_t *' difere em níveis de indireção de 'pthread_mutex_t **'
C:\Users\Pichau\source\repos\TrabSO\TrabSO\Resolucao.c(136,27): warning C4024: 'pthread_mutex_unlock': tipos diferentes para parâmetro formal e real 1
C:\Users\Pichau\source\repos\TrabSO\TrabSO\Resolucao.c(147,21): warning C4047: 'função': 'pthread_mutex_t *' difere em níveis de indireção de 'pthread_mutex_t **'
C:\Users\Pichau\source\repos\TrabSO\TrabSO\Resolucao.c(147,21): warning C4024: 'pthread_mutex_init': tipos diferentes para parâmetro formal e real 1
C:\Users\Pichau\source\repos\TrabSO\TrabSO\Resolucao.c(148,21): warning C4047: 'função': 'pthread_mutex_t *' difere em níveis de indireção de 'pthread_mutex_t **'
C:\Users\Pichau\source\repos\TrabSO\TrabSO\Resolucao.c(148,21): warning C4024: 'pthread_mutex_init': tipos diferentes para parâmetro formal e real 1
C:\Users\Pichau\source\repos\TrabSO\TrabSO\Resolucao.c(159,37): warning C4113: 'void *(__cdecl *)()' difere em listas de parâmetro de 'void *(__cdecl *)(void *)'
C:\Users\Pichau\source\repos\TrabSO\TrabSO\Resolucao.c(170,24): warning C4047: 'função': 'pthread_mutex_t *' difere em níveis de indireção de 'pthread_mutex_t **'
C:\Users\Pichau\source\repos\TrabSO\TrabSO\Resolucao.c(170,24): warning C4024: 'pthread_mutex_destroy': tipos diferentes para parâmetro formal e real 1
C:\Users\Pichau\source\repos\TrabSO\TrabSO\Resolucao.c(171,24): warning C4047: 'função': 'pthread_mutex_t *' difere em níveis de indireção de 'pthread_mutex_t **'
C:\Users\Pichau\source\repos\TrabSO\TrabSO\Resolucao.c(171,24): warning C4024: 'pthread_mutex_destroy': tipos diferentes para parâmetro formal e real 1
C:\Users\Pichau\source\repos\TrabSO\TrabSO\Resolucao.c(182,9): warning C4477: 'printf': a cadeia de formato '%lld' requer um argumento do tipo '__int64', mas um argumento variadic 1 tem o tipo 'int'
      C:\Users\Pichau\source\repos\TrabSO\TrabSO\Resolucao.c(182,9):
      considere usar '%d' na cadeia de formato
      C:\Users\Pichau\source\repos\TrabSO\TrabSO\Resolucao.c(182,9):
      considere usar '%Id' na cadeia de formato
      C:\Users\Pichau\source\repos\TrabSO\TrabSO\Resolucao.c(182,9):
      considere usar '%I32d' na cadeia de formato
  
  TrabSO.vcxproj -> C:\Users\Pichau\source\repos\TrabSO\Debug\TrabSO.exe
